2025-07-30 20:23:35,489 - INFO - Начало асинхронной очистки в директории: H:\IVAN_\PARSER\storage\backups
2025-07-30 20:23:35,496 - INFO - Удален: bbq84_link.db (возраст: 12.0 минут)
2025-07-30 20:23:35,497 - INFO - Удален: gq8nq_link.db (возраст: 18.3 минут)
2025-07-30 20:23:35,497 - INFO - Завершено. Удалено файлов: 2, ошибок: 0
2025-07-30 20:26:38,714 - INFO - Начало асинхронной очистки в директории: H:\IVAN_\PARSER\storage\backups
2025-07-30 20:26:38,717 - INFO - Завершено. Удалено файлов: 0, ошибок: 0
2025-07-30 20:29:40,986 - INFO - Начало асинхронной очистки в директории: H:\IVAN_\PARSER\storage\backups
2025-07-30 20:29:40,989 - INFO - Завершено. Удалено файлов: 0, ошибок: 0
2025-07-30 20:32:42,753 - INFO - Начало асинхронной очистки в директории: H:\IVAN_\PARSER\storage\backups
2025-07-30 20:32:42,756 - INFO - Удален: 8p7f3_link.db (возраст: 11.1 минут)
2025-07-30 20:32:42,756 - INFO - Завершено. Удалено файлов: 1, ошибок: 0
2025-07-30 20:35:44,422 - INFO - Начало асинхронной очистки в директории: H:\IVAN_\PARSER\storage\backups
2025-07-30 20:35:44,425 - INFO - Завершено. Удалено файлов: 0, ошибок: 0
2025-07-30 21:31:55,157 - INFO - Начало асинхронной очистки в директории: H:\IVAN_\PARSER\storage\backups
2025-07-30 21:31:55,159 - INFO - Удален: 8p7f3_link.db (возраст: 58.2 минут)
2025-07-30 21:31:55,159 - INFO - Завершено. Удалено файлов: 1, ошибок: 0
2025-07-30 21:34:59,072 - INFO - Начало асинхронной очистки в директории: H:\IVAN_\PARSER\storage\backups
2025-07-30 21:34:59,075 - INFO - Завершено. Удалено файлов: 0, ошибок: 0
2025-07-30 21:38:00,828 - INFO - Начало асинхронной очистки в директории: H:\IVAN_\PARSER\storage\backups
2025-07-30 21:38:00,834 - INFO - Завершено. Удалено файлов: 0, ошибок: 0
2025-07-30 21:41:05,798 - INFO - Начало асинхронной очистки в директории: H:\IVAN_\PARSER\storage\backups
2025-07-30 21:41:05,803 - INFO - Завершено. Удалено файлов: 0, ошибок: 0
2025-07-30 21:44:07,149 - INFO - Начало асинхронной очистки в директории: H:\IVAN_\PARSER\storage\backups
2025-07-30 21:44:07,151 - INFO - Удален: 8p7f3_link.db (возраст: 11.1 минут)
2025-07-30 21:44:07,151 - INFO - Завершено. Удалено файлов: 1, ошибок: 0
2025-07-30 21:47:08,604 - INFO - Начало асинхронной очистки в директории: H:\IVAN_\PARSER\storage\backups
2025-07-30 21:47:08,608 - INFO - Завершено. Удалено файлов: 0, ошибок: 0
2025-07-30 21:50:11,121 - INFO - Начало асинхронной очистки в директории: H:\IVAN_\PARSER\storage\backups
2025-07-30 21:50:11,123 - INFO - Завершено. Удалено файлов: 0, ошибок: 0
2025-07-30 21:53:13,302 - INFO - Начало асинхронной очистки в директории: H:\IVAN_\PARSER\storage\backups
2025-07-30 21:53:13,303 - INFO - Завершено. Удалено файлов: 0, ошибок: 0
2025-07-30 21:56:14,466 - INFO - Начало асинхронной очистки в директории: H:\IVAN_\PARSER\storage\backups
2025-07-30 21:56:14,471 - INFO - Удален: 8p7f3_link.db (возраст: 11.1 минут)
2025-07-30 21:56:14,471 - INFO - Завершено. Удалено файлов: 1, ошибок: 0
2025-07-30 21:59:16,018 - INFO - Начало асинхронной очистки в директории: H:\IVAN_\PARSER\storage\backups
2025-07-30 21:59:16,021 - INFO - Завершено. Удалено файлов: 0, ошибок: 0
2025-07-30 22:02:17,344 - INFO - Начало асинхронной очистки в директории: H:\IVAN_\PARSER\storage\backups
2025-07-30 22:02:17,347 - INFO - Завершено. Удалено файлов: 0, ошибок: 0
2025-07-30 22:05:18,767 - INFO - Начало асинхронной очистки в директории: H:\IVAN_\PARSER\storage\backups
2025-07-30 22:05:18,770 - INFO - Завершено. Удалено файлов: 0, ошибок: 0
2025-07-30 22:08:20,616 - INFO - Начало асинхронной очистки в директории: H:\IVAN_\PARSER\storage\backups
2025-07-30 22:08:20,618 - INFO - Удален: 8p7f3_link.db (возраст: 11.1 минут)
2025-07-30 22:08:20,618 - INFO - Завершено. Удалено файлов: 1, ошибок: 0
2025-07-30 22:26:37,448 - INFO - Начало асинхронной очистки в директории: H:\IVAN_\PARSER\storage\backups
2025-07-30 22:26:37,482 - INFO - Удален: 8p7f3_link.db (возраст: 17.3 минут)
2025-07-30 22:26:37,483 - INFO - Завершено. Удалено файлов: 1, ошибок: 0
2025-07-30 22:29:40,301 - INFO - Начало асинхронной очистки в директории: H:\IVAN_\PARSER\storage\backups
2025-07-30 22:29:40,304 - INFO - Завершено. Удалено файлов: 0, ошибок: 0
2025-07-30 22:32:41,820 - INFO - Начало асинхронной очистки в директории: H:\IVAN_\PARSER\storage\backups
2025-07-30 22:32:41,823 - INFO - Завершено. Удалено файлов: 0, ошибок: 0
2025-07-30 22:35:44,015 - INFO - Начало асинхронной очистки в директории: H:\IVAN_\PARSER\storage\backups
2025-07-30 22:35:44,019 - INFO - Завершено. Удалено файлов: 0, ошибок: 0
2025-07-30 22:38:45,673 - INFO - Начало асинхронной очистки в директории: H:\IVAN_\PARSER\storage\backups
2025-07-30 22:38:45,676 - INFO - Удален: 8p7f3_link.db (возраст: 11.1 минут)
2025-07-30 22:38:45,677 - INFO - Завершено. Удалено файлов: 1, ошибок: 0
2025-07-30 22:41:47,645 - INFO - Начало асинхронной очистки в директории: H:\IVAN_\PARSER\storage\backups
2025-07-30 22:41:47,648 - INFO - Завершено. Удалено файлов: 0, ошибок: 0
